d:\个人文件\高级语言程序设计实验\membershiocard\membershiocard\debug\vc141.pdb
d:\个人文件\高级语言程序设计实验\membershiocard\membershiocard\debug\vc141.idb
d:\个人文件\高级语言程序设计实验\membershiocard\membershiocard\debug\membershiocarddlg.obj
d:\个人文件\高级语言程序设计实验\membershiocard\membershiocard\debug\membershiocard.obj
d:\个人文件\高级语言程序设计实验\membershiocard\membershiocard\debug\cconsume.obj
d:\个人文件\高级语言程序设计实验\membershiocard\membershiocard\debug\membershiocard.pch
d:\个人文件\高级语言程序设计实验\membershiocard\membershiocard\debug\stdafx.obj
d:\个人文件\高级语言程序设计实验\membershiocard\membershiocard\debug\card.obj
d:\个人文件\高级语言程序设计实验\membershiocard\debug\membershiocard.exe
d:\个人文件\高级语言程序设计实验\membershiocard\debug\membershiocard.ilk
d:\个人文件\高级语言程序设计实验\membershiocard\debug\membershiocard.pdb
d:\个人文件\高级语言程序设计实验\membershiocard\membershiocard\debug\membershiocard.res
d:\个人文件\高级语言程序设计实验\membershiocard\membershiocard\debug\membershiocard.tlog\cl.command.1.tlog
d:\个人文件\高级语言程序设计实验\membershiocard\membershiocard\debug\membershiocard.tlog\cl.read.1.tlog
d:\个人文件\高级语言程序设计实验\membershiocard\membershiocard\debug\membershiocard.tlog\cl.write.1.tlog
d:\个人文件\高级语言程序设计实验\membershiocard\membershiocard\debug\membershiocard.tlog\link.command.1.tlog
d:\个人文件\高级语言程序设计实验\membershiocard\membershiocard\debug\membershiocard.tlog\link.read.1.tlog
d:\个人文件\高级语言程序设计实验\membershiocard\membershiocard\debug\membershiocard.tlog\link.write.1.tlog
d:\个人文件\高级语言程序设计实验\membershiocard\membershiocard\debug\membershiocard.tlog\rc.command.1.tlog
d:\个人文件\高级语言程序设计实验\membershiocard\membershiocard\debug\membershiocard.tlog\rc.read.1.tlog
d:\个人文件\高级语言程序设计实验\membershiocard\membershiocard\debug\membershiocard.tlog\rc.write.1.tlog
